<?xml version="1.0" encoding="UTF-8"?>
<!-- Generated by org.testng.reporters.JUnitXMLReporter -->
<testsuite ignored="0" hostname="DESKTOP-7DNQL9K" failures="0" tests="3" name="Default test" time="76.184" errors="0" timestamp="2021-07-21T05:06:16 IST">
  <testcase classname="com.testcases.SampleTest" name="verifyPaymentScreen" time="20.127"/>
  <testcase classname="com.testcases.SampleTest" name="verifySuccessMessage" time="43.748"/>
  <testcase classname="com.testcases.SampleTest" name="verifyRechargeSuccess" time="0.016"/>
</testsuite> <!-- Default test -->
